<?xml version="1.0" encoding="UTF-8"?>
<!-- Generated by org.testng.reporters.JUnitXMLReporter -->
<testsuite ignored="0" hostname="mesa-PC" failures="0" tests="4" name="Command line test" time="0.033" errors="0" timestamp="2022-09-21T18:25:10 OMST">
  <testcase classname="InputAndOutputStreamTest" name="readStreamTest" time="0.004"/>
  <testcase classname="InputAndOutputStreamTest" name="readWriteBinaryTest" time="0.0"/>
  <testcase classname="InputAndOutputStreamTest" name="testGetListOfFilesByTypeTest" time="0.003"/>
  <testcase classname="InputAndOutputStreamTest" name="testWriteReadStream" time="0.001"/>
</testsuite> <!-- Command line test -->
