<?xml version="1.0" encoding="UTF-8"?>
<!-- Generated by org.testng.reporters.JUnitXMLReporter -->
<testsuite ignored="0" hostname="mesa-portable" failures="1" tests="1" name="Command line test" time="0.147" errors="0" timestamp="2022-07-27T19:26:35 OMST">
  <testcase classname="InputAndOutputStreamTest" name="ReadInputStreamTest" time="0.019">
    <failure type="org.testng.internal.junit.ArrayComparisonFailure" message="arrays first differed at element [0]; expected:&amp;lt;1&amp;gt; but was:&amp;lt;0&amp;gt;">
      <![CDATA[arrays first differed at element [0]; expected:<1> but was:<0>
at InputAndOutputStreamTest.ReadInputStreamTest(InputAndOutputStreamTest.java:29)
at java.base/java.util.ArrayList.forEach(ArrayList.java:1511)
... Removed 40 stack frames]]>
    </failure>
  </testcase> <!-- ReadInputStreamTest -->
</testsuite> <!-- Command line test -->
