<?xml version="1.0" encoding="UTF-8"?>
<!-- Generated by org.testng.reporters.JUnitXMLReporter -->
<testsuite ignored="0" hostname="mesa-PC" failures="0" tests="6" name="Command line test" time="0.184" errors="0" timestamp="2022-09-21T20:53:06 OMST">
  <testcase classname="HouseServiceTest" name="serialHouse" time="0.012"/>
  <testcase classname="HouseServiceTest" name="serialHouseJSON" time="0.142"/>
  <testcase classname="InputAndOutputStreamTest" name="readStreamTest" time="0.002"/>
  <testcase classname="InputAndOutputStreamTest" name="readWriteBinaryTest" time="0.001"/>
  <testcase classname="InputAndOutputStreamTest" name="testGetListOfFilesByTypeTest" time="0.003"/>
  <testcase classname="InputAndOutputStreamTest" name="testWriteReadStream" time="0.001"/>
</testsuite> <!-- Command line test -->
