<?xml version="1.0" encoding="UTF-8"?>
<!-- Generated by org.testng.reporters.JUnitXMLReporter -->
<testsuite ignored="0" hostname="mesa-PC" failures="2" tests="6" name="Command line test" time="0.192" errors="0" timestamp="2022-09-21T20:31:21 OMST">
  <testcase classname="HouseServiceTest" name="serialHouse" time="0.015"/>
  <testcase classname="HouseServiceTest" name="serialHouseJSON" time="0.139">
    <failure type="com.fasterxml.jackson.databind.exc.InvalidDefinitionException" message="Java 8 date/time type `java.time.LocalDate` not supported by default: add Module &amp;quot;com.fasterxml.jackson.datatype:jackson-datatype-jsr310&amp;quot; to enable handling (through reference chain: House[&amp;quot;headOfTheHouse&amp;quot;]-&amp;gt;Person[&amp;quot;dateOfBirth&amp;quot;])">
      <![CDATA[com.fasterxml.jackson.databind.exc.InvalidDefinitionException: Java 8 date/time type `java.time.LocalDate` not supported by default: add Module "com.fasterxml.jackson.datatype:jackson-datatype-jsr310" to enable handling (through reference chain: House["headOfTheHouse"]->Person["dateOfBirth"])
at com.fasterxml.jackson.databind.exc.InvalidDefinitionException.from(InvalidDefinitionException.java:77)
at com.fasterxml.jackson.databind.SerializerProvider.reportBadDefinition(SerializerProvider.java:1300)
at com.fasterxml.jackson.databind.ser.impl.UnsupportedTypeSerializer.serialize(UnsupportedTypeSerializer.java:35)
at com.fasterxml.jackson.databind.ser.BeanPropertyWriter.serializeAsField(BeanPropertyWriter.java:728)
at com.fasterxml.jackson.databind.ser.std.BeanSerializerBase.serializeFields(BeanSerializerBase.java:774)
at com.fasterxml.jackson.databind.ser.BeanSerializer.serialize(BeanSerializer.java:178)
at com.fasterxml.jackson.databind.ser.BeanPropertyWriter.serializeAsField(BeanPropertyWriter.java:728)
at com.fasterxml.jackson.databind.ser.std.BeanSerializerBase.serializeFields(BeanSerializerBase.java:774)
at com.fasterxml.jackson.databind.ser.BeanSerializer.serialize(BeanSerializer.java:178)
at com.fasterxml.jackson.databind.ser.DefaultSerializerProvider._serialize(DefaultSerializerProvider.java:480)
at com.fasterxml.jackson.databind.ser.DefaultSerializerProvider.serializeValue(DefaultSerializerProvider.java:319)
at com.fasterxml.jackson.databind.ObjectMapper._writeValueAndClose(ObjectMapper.java:4568)
at com.fasterxml.jackson.databind.ObjectMapper.writeValueAsString(ObjectMapper.java:3821)
at HouseService.serializeJSON(HouseService.java:27)
at HouseServiceTest.serialHouseJSON(HouseServiceTest.java:37)
at java.base/java.util.ArrayList.forEach(ArrayList.java:1511)
... Removed 37 stack frames]]>
    </failure>
  </testcase> <!-- serialHouseJSON -->
  <testcase classname="InputAndOutputStreamTest" name="readStreamTest" time="0.003"/>
  <testcase classname="InputAndOutputStreamTest" name="readWriteBinaryTest" time="0.001"/>
  <testcase classname="InputAndOutputStreamTest" name="testGetListOfFilesByTypeTest" time="0.005">
    <failure type="java.lang.AssertionError" message="lists don&amp;apos;t have the same size expected [3] but found [2]">
      <![CDATA[java.lang.AssertionError: lists don't have the same size expected [3] but found [2]
at InputAndOutputStreamTest.testGetListOfFilesByTypeTest(InputAndOutputStreamTest.java:60)
at java.base/java.util.ArrayList.forEach(ArrayList.java:1511)
... Removed 44 stack frames]]>
    </failure>
  </testcase> <!-- testGetListOfFilesByTypeTest -->
  <testcase classname="InputAndOutputStreamTest" name="testWriteReadStream" time="0.001"/>
</testsuite> <!-- Command line test -->
