<?xml version="1.0" encoding="UTF-8"?>
<testng-results ignored="0" total="1" passed="0" failed="1" skipped="0">
  <reporter-output>
  </reporter-output>
  <suite started-at="2022-07-27T19:26:35 OMST" name="InputAndOutputStreamTest" finished-at="2022-07-27T19:26:35 OMST" duration-ms="147">
    <groups>
    </groups>
    <test started-at="2022-07-27T19:26:35 OMST" name="Command line test" finished-at="2022-07-27T19:26:35 OMST" duration-ms="147">
      <class name="InputAndOutputStreamTest">
        <test-method signature="ReadInputStreamTest()[pri:0, instance:InputAndOutputStreamTest@7113b13f]" started-at="2022-07-27T19:26:35 OMST" name="ReadInputStreamTest" finished-at="2022-07-27T19:26:35 OMST" duration-ms="19" status="FAIL">
          <exception class="org.testng.internal.junit.ArrayComparisonFailure">
            <message>
              <![CDATA[arrays first differed at element [0]; expected:<1> but was:<0>]]>
            </message>
            <full-stacktrace>
              <![CDATA[arrays first differed at element [0]; expected:<1> but was:<0>
at org.testng.internal.junit.ComparisonCriteria.arrayEquals(ComparisonCriteria.java:43)
at org.testng.internal.junit.ArrayAsserts.internalArrayEquals(ArrayAsserts.java:219)
at org.testng.internal.junit.ArrayAsserts.assertArrayEquals(ArrayAsserts.java:119)
at org.testng.internal.junit.ArrayAsserts.assertArrayEquals(ArrayAsserts.java:129)
at InputAndOutputStreamTest.ReadInputStreamTest(InputAndOutputStreamTest.java:29)
at java.base/jdk.internal.reflect.NativeMethodAccessorImpl.invoke0(Native Method)
at java.base/jdk.internal.reflect.NativeMethodAccessorImpl.invoke(NativeMethodAccessorImpl.java:78)
at java.base/jdk.internal.reflect.DelegatingMethodAccessorImpl.invoke(DelegatingMethodAccessorImpl.java:43)
at java.base/java.lang.reflect.Method.invoke(Method.java:567)
at org.testng.internal.invokers.MethodInvocationHelper.invokeMethod(MethodInvocationHelper.java:139)
at org.testng.internal.invokers.TestInvoker.invokeMethod(TestInvoker.java:677)
at org.testng.internal.invokers.TestInvoker.invokeTestMethod(TestInvoker.java:221)
at org.testng.internal.invokers.MethodRunner.runInSequence(MethodRunner.java:50)
at org.testng.internal.invokers.TestInvoker$MethodInvocationAgent.invoke(TestInvoker.java:962)
at org.testng.internal.invokers.TestInvoker.invokeTestMethods(TestInvoker.java:194)
at org.testng.internal.invokers.TestMethodWorker.invokeTestMethods(TestMethodWorker.java:148)
at org.testng.internal.invokers.TestMethodWorker.run(TestMethodWorker.java:128)
at java.base/java.util.ArrayList.forEach(ArrayList.java:1511)
at org.testng.TestRunner.privateRun(TestRunner.java:806)
at org.testng.TestRunner.run(TestRunner.java:601)
at org.testng.SuiteRunner.runTest(SuiteRunner.java:433)
at org.testng.SuiteRunner.runSequentially(SuiteRunner.java:427)
at org.testng.SuiteRunner.privateRun(SuiteRunner.java:387)
at org.testng.SuiteRunner.run(SuiteRunner.java:330)
at org.testng.SuiteRunnerWorker.runSuite(SuiteRunnerWorker.java:52)
at org.testng.SuiteRunnerWorker.run(SuiteRunnerWorker.java:95)
at org.testng.TestNG.runSuitesSequentially(TestNG.java:1256)
at org.testng.TestNG.runSuitesLocally(TestNG.java:1176)
at org.testng.TestNG.runSuites(TestNG.java:1099)
at org.testng.TestNG.run(TestNG.java:1067)
at org.apache.maven.surefire.testng.TestNGExecutor.run(TestNGExecutor.java:77)
at org.apache.maven.surefire.testng.TestNGDirectoryTestSuite.execute(TestNGDirectoryTestSuite.java:110)
at org.apache.maven.surefire.testng.TestNGProvider.invoke(TestNGProvider.java:106)
at java.base/jdk.internal.reflect.NativeMethodAccessorImpl.invoke0(Native Method)
at java.base/jdk.internal.reflect.NativeMethodAccessorImpl.invoke(NativeMethodAccessorImpl.java:78)
at java.base/jdk.internal.reflect.DelegatingMethodAccessorImpl.invoke(DelegatingMethodAccessorImpl.java:43)
at java.base/java.lang.reflect.Method.invoke(Method.java:567)
at org.apache.maven.surefire.util.ReflectionUtils.invokeMethodWithArray(ReflectionUtils.java:189)
at org.apache.maven.surefire.booter.ProviderFactory$ProviderProxy.invoke(ProviderFactory.java:165)
at org.apache.maven.surefire.booter.ProviderFactory.invokeProvider(ProviderFactory.java:85)
at org.apache.maven.surefire.booter.ForkedBooter.runSuitesInProcess(ForkedBooter.java:115)
at org.apache.maven.surefire.booter.ForkedBooter.main(ForkedBooter.java:75)
]]>
            </full-stacktrace>
          </exception> <!-- org.testng.internal.junit.ArrayComparisonFailure -->
          <reporter-output>
          </reporter-output>
        </test-method> <!-- ReadInputStreamTest -->
      </class> <!-- InputAndOutputStreamTest -->
    </test> <!-- Command line test -->
  </suite> <!-- InputAndOutputStreamTest -->
</testng-results>
