<?xml version="1.0" encoding="UTF-8" ?>
<testsuite tests="4" failures="0" name="InputAndOutputStreamTest" time="0.011" errors="0" skipped="0">
  <properties>
[...]
</properties>
  <testcase classname="InputAndOutputStreamTest" name="readStreamTest" time="0.005"/>
  <testcase classname="InputAndOutputStreamTest" name="readWriteBinaryTest" time="0.001"/>
  <testcase classname="InputAndOutputStreamTest" name="testGetListOfFilesByTypeTest" time="0.004"/>
  <testcase classname="InputAndOutputStreamTest" name="testWriteReadStream" time="0.001"/>
</testsuite>