<?xml version="1.0" encoding="UTF-8"?>
<testng-results ignored="0" total="6" passed="6" failed="0" skipped="0">
  <reporter-output>
  </reporter-output>
  <suite started-at="2022-09-21T20:53:06 OMST" name="Command line suite" finished-at="2022-09-21T20:53:06 OMST" duration-ms="184">
    <groups>
    </groups>
    <test started-at="2022-09-21T20:53:06 OMST" name="Command line test" finished-at="2022-09-21T20:53:06 OMST" duration-ms="184">
      <class name="HouseServiceTest">
        <test-method signature="serialHouse()[pri:0, instance:HouseServiceTest@1cab0bfb]" started-at="2022-09-21T20:53:06 OMST" name="serialHouse" finished-at="2022-09-21T20:53:06 OMST" duration-ms="12" status="PASS">
          <reporter-output>
          </reporter-output>
        </test-method> <!-- serialHouse -->
        <test-method signature="serialHouseJSON()[pri:0, instance:HouseServiceTest@1cab0bfb]" started-at="2022-09-21T20:53:06 OMST" name="serialHouseJSON" finished-at="2022-09-21T20:53:06 OMST" duration-ms="142" status="PASS">
          <reporter-output>
          </reporter-output>
        </test-method> <!-- serialHouseJSON -->
      </class> <!-- HouseServiceTest -->
      <class name="InputAndOutputStreamTest">
        <test-method signature="readStreamTest()[pri:0, instance:InputAndOutputStreamTest@76b10754]" started-at="2022-09-21T20:53:06 OMST" name="readStreamTest" finished-at="2022-09-21T20:53:06 OMST" duration-ms="2" status="PASS">
          <reporter-output>
          </reporter-output>
        </test-method> <!-- readStreamTest -->
        <test-method signature="readWriteBinaryTest()[pri:0, instance:InputAndOutputStreamTest@76b10754]" started-at="2022-09-21T20:53:06 OMST" name="readWriteBinaryTest" finished-at="2022-09-21T20:53:06 OMST" duration-ms="1" status="PASS">
          <reporter-output>
          </reporter-output>
        </test-method> <!-- readWriteBinaryTest -->
        <test-method signature="testGetListOfFilesByTypeTest()[pri:0, instance:InputAndOutputStreamTest@76b10754]" started-at="2022-09-21T20:53:06 OMST" name="testGetListOfFilesByTypeTest" finished-at="2022-09-21T20:53:06 OMST" duration-ms="3" status="PASS">
          <reporter-output>
          </reporter-output>
        </test-method> <!-- testGetListOfFilesByTypeTest -->
        <test-method signature="testWriteReadStream()[pri:0, instance:InputAndOutputStreamTest@76b10754]" started-at="2022-09-21T20:53:06 OMST" name="testWriteReadStream" finished-at="2022-09-21T20:53:06 OMST" duration-ms="1" status="PASS">
          <reporter-output>
          </reporter-output>
        </test-method> <!-- testWriteReadStream -->
      </class> <!-- InputAndOutputStreamTest -->
    </test> <!-- Command line test -->
  </suite> <!-- Command line suite -->
</testng-results>
