<?xml version="1.0" encoding="UTF-8" ?>
<testsuite tests="6" failures="2" name="TestSuite" time="0.168" errors="0" skipped="0">
  <properties>
[...]
</properties>
  <testcase classname="HouseServiceTest" name="serialHouse" time="0.016"/>
  <testcase classname="HouseServiceTest" name="serialHouseJSON" time="0.142">
    <failure message="Java 8 date/time type `java.time.LocalDate` not supported by default: add Module &quot;com.fasterxml.jackson.datatype:jackson-datatype-jsr310&quot; to enable handling (through reference chain: House[&quot;headOfTheHouse&quot;]-&gt;Person[&quot;dateOfBirth&quot;])" type="com.fasterxml.jackson.databind.exc.InvalidDefinitionException">com.fasterxml.jackson.databind.exc.InvalidDefinitionException: Java 8 date/time type `java.time.LocalDate` not supported by default: add Module &quot;com.fasterxml.jackson.datatype:jackson-datatype-jsr310&quot; to enable handling (through reference chain: House[&quot;headOfTheHouse&quot;]-&gt;Person[&quot;dateOfBirth&quot;])
	at com.fasterxml.jackson.databind.exc.InvalidDefinitionException.from(InvalidDefinitionException.java:77)
	at com.fasterxml.jackson.databind.SerializerProvider.reportBadDefinition(SerializerProvider.java:1300)
	at com.fasterxml.jackson.databind.ser.impl.UnsupportedTypeSerializer.serialize(UnsupportedTypeSerializer.java:35)
	at com.fasterxml.jackson.databind.ser.BeanPropertyWriter.serializeAsField(BeanPropertyWriter.java:728)
	at com.fasterxml.jackson.databind.ser.std.BeanSerializerBase.serializeFields(BeanSerializerBase.java:774)
	at com.fasterxml.jackson.databind.ser.BeanSerializer.serialize(BeanSerializer.java:178)
	at com.fasterxml.jackson.databind.ser.BeanPropertyWriter.serializeAsField(BeanPropertyWriter.java:728)
	at com.fasterxml.jackson.databind.ser.std.BeanSerializerBase.serializeFields(BeanSerializerBase.java:774)
	at com.fasterxml.jackson.databind.ser.BeanSerializer.serialize(BeanSerializer.java:178)
	at com.fasterxml.jackson.databind.ser.DefaultSerializerProvider._serialize(DefaultSerializerProvider.java:480)
	at com.fasterxml.jackson.databind.ser.DefaultSerializerProvider.serializeValue(DefaultSerializerProvider.java:319)
	at com.fasterxml.jackson.databind.ObjectMapper._writeValueAndClose(ObjectMapper.java:4568)
	at com.fasterxml.jackson.databind.ObjectMapper.writeValueAsString(ObjectMapper.java:3821)
	at HouseService.serializeJSON(HouseService.java:27)
	at HouseServiceTest.serialHouseJSON(HouseServiceTest.java:37)
</failure>
  </testcase>
  <testcase classname="InputAndOutputStreamTest" name="readStreamTest" time="0.003"/>
  <testcase classname="InputAndOutputStreamTest" name="readWriteBinaryTest" time="0.001"/>
  <testcase classname="InputAndOutputStreamTest" name="testGetListOfFilesByTypeTest" time="0.005">
    <failure message="lists don&apos;t have the same size expected [3] but found [2]" type="java.lang.AssertionError">java.lang.AssertionError: lists don&apos;t have the same size expected [3] but found [2]
	at org.testng.Assert.fail(Assert.java:110)
	at org.testng.Assert.failNotEquals(Assert.java:1413)
	at org.testng.Assert.assertEqualsImpl(Assert.java:149)
	at org.testng.Assert.assertEquals(Assert.java:131)
	at org.testng.Assert.assertEquals(Assert.java:1240)
	at org.testng.Assert.assertEquals(Assert.java:1465)
	at org.testng.Assert.assertEquals(Assert.java:1441)
	at InputAndOutputStreamTest.testGetListOfFilesByTypeTest(InputAndOutputStreamTest.java:60)
</failure>
  </testcase>
  <testcase classname="InputAndOutputStreamTest" name="testWriteReadStream" time="0.001"/>
</testsuite>