<?xml version="1.0" encoding="UTF-8" ?>
<testsuite tests="1" failures="1" name="InputAndOutputStreamTest" time="0.029" errors="0" skipped="0">
  <properties>
[...]
</properties>
  <testcase classname="InputAndOutputStreamTest" name="ReadInputStreamTest" time="0.029">
    <failure message="arrays first differed at element [0]; expected:&lt;1&gt; but was:&lt;0&gt;" type="arrays first differed at element [0]; expected">arrays first differed at element [0]; expected:&lt;1&gt; but was:&lt;0&gt;
	at org.testng.internal.junit.ComparisonCriteria.arrayEquals(ComparisonCriteria.java:43)
	at org.testng.internal.junit.ArrayAsserts.internalArrayEquals(ArrayAsserts.java:219)
	at org.testng.internal.junit.ArrayAsserts.assertArrayEquals(ArrayAsserts.java:119)
	at org.testng.internal.junit.ArrayAsserts.assertArrayEquals(ArrayAsserts.java:129)
	at InputAndOutputStreamTest.ReadInputStreamTest(InputAndOutputStreamTest.java:29)
</failure>
    <system-out>Configuring TestNG with: org.apache.maven.surefire.testng.conf.TestNG652Configurator@2ff5659e
</system-out>
    <system-err>SLF4J: Failed to load class &quot;org.slf4j.impl.StaticLoggerBinder&quot;.
SLF4J: Defaulting to no-operation (NOP) logger implementation
SLF4J: See http://www.slf4j.org/codes.html#StaticLoggerBinder for further details.
</system-err>
  </testcase>
</testsuite>