<?xml version="1.0" encoding="UTF-8"?>
<testng-results ignored="0" total="11" passed="11" failed="0" skipped="0">
  <reporter-output>
  </reporter-output>
  <suite started-at="2022-09-26T02:46:19 OMST" name="LambdaJavaTest" finished-at="2022-09-26T02:46:19 OMST" duration-ms="32">
    <groups>
    </groups>
    <test started-at="2022-09-26T02:46:19 OMST" name="Command line test" finished-at="2022-09-26T02:46:19 OMST" duration-ms="32">
      <class name="LambdaJavaTest">
        <test-method signature="addYearToHumanTest()[pri:0, instance:LambdaJavaTest@3d8314f0]" started-at="2022-09-26T02:46:19 OMST" name="addYearToHumanTest" finished-at="2022-09-26T02:46:19 OMST" duration-ms="6" status="PASS">
          <reporter-output>
          </reporter-output>
        </test-method> <!-- addYearToHumanTest -->
        <test-method signature="countWordsTest()[pri:0, instance:LambdaJavaTest@3d8314f0]" started-at="2022-09-26T02:46:19 OMST" name="countWordsTest" finished-at="2022-09-26T02:46:19 OMST" duration-ms="0" status="PASS">
          <reporter-output>
          </reporter-output>
        </test-method> <!-- countWordsTest -->
        <test-method signature="countWordsTest1()[pri:0, instance:LambdaJavaTest@3d8314f0]" started-at="2022-09-26T02:46:19 OMST" name="countWordsTest1" finished-at="2022-09-26T02:46:19 OMST" duration-ms="0" status="PASS">
          <reporter-output>
          </reporter-output>
        </test-method> <!-- countWordsTest1 -->
        <test-method signature="countWordsTest2()[pri:0, instance:LambdaJavaTest@3d8314f0]" started-at="2022-09-26T02:46:19 OMST" name="countWordsTest2" finished-at="2022-09-26T02:46:19 OMST" duration-ms="0" status="PASS">
          <reporter-output>
          </reporter-output>
        </test-method> <!-- countWordsTest2 -->
        <test-method signature="firstCharTest()[pri:0, instance:LambdaJavaTest@3d8314f0]" started-at="2022-09-26T02:46:19 OMST" name="firstCharTest" finished-at="2022-09-26T02:46:19 OMST" duration-ms="0" status="PASS">
          <reporter-output>
          </reporter-output>
        </test-method> <!-- firstCharTest -->
        <test-method signature="getFullNameTest()[pri:0, instance:LambdaJavaTest@3d8314f0]" started-at="2022-09-26T02:46:19 OMST" name="getFullNameTest" finished-at="2022-09-26T02:46:19 OMST" duration-ms="0" status="PASS">
          <reporter-output>
          </reporter-output>
        </test-method> <!-- getFullNameTest -->
        <test-method signature="getAgeTest()[pri:0, instance:LambdaJavaTest@3d8314f0]" started-at="2022-09-26T02:46:19 OMST" name="getAgeTest" finished-at="2022-09-26T02:46:19 OMST" duration-ms="0" status="PASS">
          <reporter-output>
          </reporter-output>
        </test-method> <!-- getAgeTest -->
        <test-method signature="isAgesLowerMaxAgesTest()[pri:0, instance:LambdaJavaTest@3d8314f0]" started-at="2022-09-26T02:46:19 OMST" name="isAgesLowerMaxAgesTest" finished-at="2022-09-26T02:46:19 OMST" duration-ms="0" status="PASS">
          <reporter-output>
          </reporter-output>
        </test-method> <!-- isAgesLowerMaxAgesTest -->
        <test-method signature="isEqualLastNameTest()[pri:0, instance:LambdaJavaTest@3d8314f0]" started-at="2022-09-26T02:46:19 OMST" name="isEqualLastNameTest" finished-at="2022-09-26T02:46:19 OMST" duration-ms="0" status="PASS">
          <reporter-output>
          </reporter-output>
        </test-method> <!-- isEqualLastNameTest -->
        <test-method signature="lengthStringTest()[pri:0, instance:LambdaJavaTest@3d8314f0]" started-at="2022-09-26T02:46:19 OMST" name="lengthStringTest" finished-at="2022-09-26T02:46:19 OMST" duration-ms="0" status="PASS">
          <reporter-output>
          </reporter-output>
        </test-method> <!-- lengthStringTest -->
        <test-method signature="isSpaceTest()[pri:0, instance:LambdaJavaTest@3d8314f0]" started-at="2022-09-26T02:46:19 OMST" name="isSpaceTest" finished-at="2022-09-26T02:46:19 OMST" duration-ms="0" status="PASS">
          <reporter-output>
          </reporter-output>
        </test-method> <!-- isSpaceTest -->
      </class> <!-- LambdaJavaTest -->
    </test> <!-- Command line test -->
  </suite> <!-- LambdaJavaTest -->
</testng-results>
