<?xml version="1.0" encoding="UTF-8"?>
<!-- Generated by org.testng.reporters.JUnitXMLReporter -->
<testsuite ignored="0" hostname="mesa-PC" failures="0" tests="11" name="Command line test" time="0.032" errors="0" timestamp="2022-09-26T02:46:19 OMST">
  <testcase classname="LambdaJavaTest" name="addYearToHumanTest" time="0.006"/>
  <testcase classname="LambdaJavaTest" name="countWordsTest" time="0.0"/>
  <testcase classname="LambdaJavaTest" name="countWordsTest1" time="0.0"/>
  <testcase classname="LambdaJavaTest" name="countWordsTest2" time="0.0"/>
  <testcase classname="LambdaJavaTest" name="firstCharTest" time="0.0"/>
  <testcase classname="LambdaJavaTest" name="getAgeTest" time="0.0"/>
  <testcase classname="LambdaJavaTest" name="getFullNameTest" time="0.0"/>
  <testcase classname="LambdaJavaTest" name="isAgesLowerMaxAgesTest" time="0.0"/>
  <testcase classname="LambdaJavaTest" name="isEqualLastNameTest" time="0.0"/>
  <testcase classname="LambdaJavaTest" name="isSpaceTest" time="0.0"/>
  <testcase classname="LambdaJavaTest" name="lengthStringTest" time="0.0"/>
</testsuite> <!-- Command line test -->
